2023.01.10 22:49:43 INFO  tracing is disabled for protocol LSP, to enable tracing of incoming and outgoing JSON messages create an empty file at /home/ubuntu/projects/spark-wasm-udf/.metals/lsp.trace.json or /home/ubuntu/.cache/metals/lsp.trace.json
2023.01.10 22:49:43 INFO  logging to file /home/ubuntu/projects/spark-wasm-udf/.metals/metals.log
2023.01.10 22:49:43 INFO  Started: Metals version 0.11.10 in workspace '/home/ubuntu/projects/spark-wasm-udf' for client Visual Studio Code 1.74.2.
SLF4J: No SLF4J providers were found.
SLF4J: Defaulting to no-operation (NOP) logger implementation
SLF4J: See https://www.slf4j.org/codes.html#noProviders for further details.
SLF4J: Class path contains SLF4J bindings targeting slf4j-api versions 1.7.x or earlier.
SLF4J: Ignoring binding found at [jar:file:/home/ubuntu/.cache/coursier/v1/https/repo1.maven.org/maven2/com/outr/scribe-slf4j_2.13/3.10.5/scribe-slf4j_2.13-3.10.5.jar!/org/slf4j/impl/StaticLoggerBinder.class]
SLF4J: See https://www.slf4j.org/codes.html#ignoredBindings for an explanation.
2023.01.10 22:49:46 INFO  time: initialize in 3.02s
2023.01.10 22:49:49 WARN  Build server is not auto-connectable.
2023.01.10 22:49:49 WARN  no build target for: /home/ubuntu/projects/spark-wasm-udf/src/main/scala/Entrypoint.scala
2023.01.10 22:49:54 INFO  no build target found for /home/ubuntu/projects/spark-wasm-udf/src/main/scala/Entrypoint.scala. Using presentation compiler with project's scala-library version: 3.2.1
2023.01.10 22:49:57 INFO  time: code lens generation in 7.04s
2023.01.10 22:54:36 WARN  no build target for: /home/ubuntu/projects/spark-wasm-udf/src/main/scala/Entrypoint.scala
2023.01.10 22:54:55 WARN  no build target for: /home/ubuntu/projects/spark-wasm-udf/src/main/scala/Entrypoint.scala
Jan 10, 2023 10:55:46 PM org.eclipse.lsp4j.jsonrpc.RemoteEndpoint handleCancellation
WARNING: Unmatched cancel notification for request id 89
2023.01.10 22:56:30 WARN  no build target for: /home/ubuntu/projects/spark-wasm-udf/src/main/scala/Entrypoint.scala
2023.01.10 22:59:50 WARN  no build target for: /home/ubuntu/projects/spark-wasm-udf/src/main/scala/Entrypoint.scala
2023.01.10 23:00:20 WARN  no build target for: /home/ubuntu/projects/spark-wasm-udf/src/main/scala/Entrypoint.scala
2023.01.10 23:01:44 WARN  no build target for: /home/ubuntu/projects/spark-wasm-udf/src/main/scala/Entrypoint.scala
2023.01.10 23:01:48 WARN  no build target for: /home/ubuntu/projects/spark-wasm-udf/src/main/scala/Entrypoint.scala
2023.01.10 23:02:23 WARN  no build target for: /home/ubuntu/projects/spark-wasm-udf/src/main/scala/Entrypoint.scala
2023.01.10 23:02:34 WARN  no build target for: /home/ubuntu/projects/spark-wasm-udf/src/main/scala/Entrypoint.scala
Jan 10, 2023 11:35:55 PM org.eclipse.lsp4j.jsonrpc.RemoteEndpoint handleCancellation
WARNING: Unmatched cancel notification for request id 436
2023.01.10 23:35:59 WARN  no build target for: /home/ubuntu/projects/spark-wasm-udf/src/main/scala/Entrypoint.scala
2023.01.10 23:36:41 WARN  no build target for: /home/ubuntu/projects/spark-wasm-udf/src/main/scala/Entrypoint.scala
2023.01.10 23:37:32 WARN  no build target for: /home/ubuntu/projects/spark-wasm-udf/src/main/scala/Entrypoint.scala
Jan 10, 2023 11:39:47 PM org.eclipse.lsp4j.jsonrpc.RemoteEndpoint handleCancellation
WARNING: Unmatched cancel notification for request id 542
Exception in thread "pool-3-thread-1" java.lang.InterruptedException
	at scala.meta.internal.metals.FutureCancelToken.checkCanceled(FutureCancelToken.scala:29)
	at scala.meta.internal.pc.CompilerAccess.onCompilerJobQueue$$anonfun$1(CompilerAccess.scala:195)
	at scala.meta.internal.pc.CompilerJobQueue$Job.run(CompilerJobQueue.scala:152)
	at java.base/java.util.concurrent.ThreadPoolExecutor.runWorker(ThreadPoolExecutor.java:1128)
	at java.base/java.util.concurrent.ThreadPoolExecutor$Worker.run(ThreadPoolExecutor.java:628)
	at java.base/java.lang.Thread.run(Thread.java:829)
2023.01.10 23:48:09 WARN  no build target for: /home/ubuntu/projects/spark-wasm-udf/src/main/scala/Entrypoint.scala
2023.01.10 23:48:56 WARN  no build target for: /home/ubuntu/projects/spark-wasm-udf/src/main/scala/Entrypoint.scala
2023.01.10 23:49:35 WARN  no build target for: /home/ubuntu/projects/spark-wasm-udf/src/main/scala/Entrypoint.scala
Jan 10, 2023 11:50:45 PM org.eclipse.lsp4j.jsonrpc.RemoteEndpoint handleCancellation
WARNING: Unmatched cancel notification for request id 700
2023.01.10 23:50:50 WARN  no build target for: /home/ubuntu/projects/spark-wasm-udf/src/main/scala/Entrypoint.scala
2023.01.10 23:51:37 WARN  no build target for: /home/ubuntu/projects/spark-wasm-udf/src/main/scala/Entrypoint.scala
2023.01.10 23:52:28 WARN  no build target for: /home/ubuntu/projects/spark-wasm-udf/src/main/scala/Entrypoint.scala
2023.01.10 23:52:34 WARN  no build target for: /home/ubuntu/projects/spark-wasm-udf/src/main/scala/Entrypoint.scala
2023.01.10 23:54:06 WARN  no build target for: /home/ubuntu/projects/spark-wasm-udf/src/main/scala/Entrypoint.scala
2023.01.10 23:54:56 WARN  no build target for: /home/ubuntu/projects/spark-wasm-udf/src/main/scala/Entrypoint.scala
Jan 10, 2023 11:59:06 PM org.eclipse.lsp4j.jsonrpc.RemoteEndpoint handleCancellation
WARNING: Unmatched cancel notification for request id 1149
2023.01.10 23:59:10 WARN  no build target for: /home/ubuntu/projects/spark-wasm-udf/src/main/scala/Entrypoint.scala
2023.01.10 23:59:14 WARN  no build target for: /home/ubuntu/projects/spark-wasm-udf/src/main/scala/Entrypoint.scala
2023.01.10 23:59:16 WARN  no build target for: /home/ubuntu/projects/spark-wasm-udf/src/main/scala/Entrypoint.scala
2023.01.10 23:59:40 WARN  no build target for: /home/ubuntu/projects/spark-wasm-udf/src/main/scala/Entrypoint.scala
Jan 11, 2023 12:00:19 AM org.eclipse.lsp4j.jsonrpc.services.GenericEndpoint notify
INFO: Unsupported notification method: $/setTrace
